A51 MACRO ASSEMBLER  PROJECT1                                                             11/04/2016 21:34:35 PAGE     1


MACRO ASSEMBLER A51 V8.2.5.0
OBJECT MODULE PLACED IN .\Objects\project1.obj
ASSEMBLER INVOKED BY: S:\C51\BIN\A51.EXE project1.a51 NOMOD51 SET(SMALL) PRINT(.\Listings\project1.lst) OBJECT(.\Objects
                      \project1.obj) EP

LOC  OBJ            LINE     SOURCE

                       1             ;#include <reg932.inc>

                +1     2     ;*******************************************************************

                +1     3     ;   P89LPC932 Special Function Registers

                +1     4     ;*******************************************************************

                +1     5     ;

                +1     6     ;******* System ****************

  00E0          +1     7     ACC         DATA        0xE0

  00F0          +1     8     B           DATA        0xF0

  0081          +1     9     SP          DATA        0x81

  0082          +1    10     DPL         DATA        0x82

  0083          +1    11     DPH         DATA        0x83

  00DF          +1    12     RSTSRC  DATA    0xDF

  0087          +1    13     PCON    DATA    0x87

  00B5          +1    14     PCONA   DATA    0xB5

  00D0          +1    15     PSW         DATA        0xD0

  0095          +1    16     DIVM    DATA    0x95

  0096          +1    17     TRIM    DATA    0x96

  00A2          +1    18     AUXR1   DATA    0xA2

                +1    19     ;------- Bit Addressable -------

  00D7          +1    20     CY          BIT     0xD7

  00D6          +1    21     AC          BIT     0xD6

  00D5          +1    22     F0          BIT     0xD5

  00D4          +1    23     RS1         BIT     0xD4

  00D3          +1    24     RS0         BIT     0xD3

  00D2          +1    25     OV          BIT     0xD2

  00D1          +1    26     F1          BIT     0xD1

  00D0          +1    27     P           BIT     0xD0

  00B1          +1    28     XTAL1   BIT         0xB1

  00B0          +1    29     XTAL2   BIT         0xB0

                +1    30     ;******* Ports *****************

  0080          +1    31     P0          DATA        0x80

  0084          +1    32     P0M1    DATA    0x84

  0085          +1    33     P0M2    DATA    0x85

  00F6          +1    34     PT0AD   DATA    0xF6

  0090          +1    35     P1          DATA        0x90

  0091          +1    36     P1M1    DATA    0x91

  0092          +1    37     P1M2    DATA    0x92

  00A0          +1    38     P2          DATA        0xA0

  00A4          +1    39     P2M1    DATA    0xA4

  00A5          +1    40     P2M2    DATA    0xA5

  00B0          +1    41     P3          DATA        0xB0

  00B1          +1    42     P3M1    DATA    0xB1

  00B2          +1    43     P3M2    DATA    0xB2

                +1    44     ;******* EEPROM ****************

  00F1          +1    45     DEECON  DATA    0xF1

  00F2          +1    46     DEEDAT  DATA    0xF2

  00F3          +1    47     DEEADR  DATA    0xF3

                +1    48     ;******* Keypad ****************

  0086          +1    49     KBMASK  DATA    0x86

  0093          +1    50     KBPATN  DATA    0x93

  0094          +1    51     KBCON   DATA    0x94

                +1    52     ;------- Bit Addressable -------

  0080          +1    53     KB0         BIT     0x80

  0081          +1    54     KB1         BIT     0x81

  0082          +1    55     KB2         BIT     0x82

  0083          +1    56     KB3         BIT     0x83

  0084          +1    57     KB4         BIT     0x84

A51 MACRO ASSEMBLER  PROJECT1                                                             11/04/2016 21:34:35 PAGE     2

  0085          +1    58     KB5         BIT     0x85

  0086          +1    59     KB6         BIT     0x86

  0087          +1    60     KB7         BIT     0x87

                +1    61     ;******* Comparators ***********

  00AC          +1    62     CMP1    DATA    0xAC

  00AD          +1    63     CMP2    DATA    0xAD

                +1    64     ;------- Bit Addressable -------

  0086          +1    65     CMP1O   BIT     0x86

  0085          +1    66     CMPREF  BIT     0x85

  0084          +1    67     CIN1A   BIT     0x84

  0083          +1    68     CIN1B   BIT     0x83

  0082          +1    69     CIN2A   BIT     0x82

  0081          +1    70     CIN2B   BIT     0x81

  0080          +1    71     CMP2O   BIT     0x80

                +1    72     ;******* Serial Port ***********

  0098          +1    73     SCON    DATA    0x98

  0099          +1    74     SBUF    DATA    0x99

  00A9          +1    75     SADDR   DATA    0xA9

  00B9          +1    76     SADEN   DATA    0xB9

  00BA          +1    77     SSTAT   DATA    0xBA

  00BD          +1    78     BRGCON  DATA    0xBD

  00BE          +1    79     BRGR0   DATA    0xBE

  00BF          +1    80     BRGR1   DATA    0xBF

                +1    81     ;------- Bit Addressable -------

  009F          +1    82     FE          BIT     0x9F

  009F          +1    83     SM0         BIT     0x9F

  009E          +1    84     SM1         BIT     0x9E

  009D          +1    85     SM2         BIT     0x9D

  009C          +1    86     REN         BIT     0x9C

  009B          +1    87     TB8         BIT     0x9B

  009A          +1    88     RB8         BIT     0x9A

  0099          +1    89     TI          BIT     0x99

  0098          +1    90     RI          BIT     0x98

  0091          +1    91     RxD         BIT     0x91

  0090          +1    92     TxD         BIT     0x90

                +1    93     ;******* SPI *******************

  00E1          +1    94     SPSTAT  DATA    0xE1

  00E2          +1    95     SPCTL   DATA    0xE2

  00E3          +1    96     SPDAT   DATA    0xE3

                +1    97     ;------- Bit Addressable -------

  00A5          +1    98     SPICLK  BIT         0xA5

  00A4          +1    99     SS          BIT     0xA4

  00A3          +1   100     MISO    BIT         0xA3

  00A2          +1   101     MOSI    BIT         0xA2

                +1   102     ;******* IIC *******************

  00D8          +1   103     I2CON   DATA    0xD8

  00D9          +1   104     I2STAT  DATA    0xD9

  00DA          +1   105     I2DAT   DATA    0xDA

  00DB          +1   106     I2ADR   DATA    0xDB

  00DC          +1   107     I2SCLL  DATA    0xDC

  00DD          +1   108     I2SCLH  DATA    0xDD

                +1   109     ;------ Bit Addressable --------

  00DE          +1   110     I2EN    BIT         0xDE

  00DD          +1   111     STA         BIT     0xDD

  00DC          +1   112     STO         BIT     0xDC

  00DB          +1   113     SI          BIT     0xDB

  00DA          +1   114     AA          BIT     0xDA

  00D8          +1   115     CRSEL   BIT         0xD8

  0093          +1   116     SDA         BIT     0x93

  0092          +1   117     SCL         BIT     0x92

                +1   118     ;******* Timers ****************

  00CA          +1   119     TPCR2L  DATA    0xCA

  00CB          +1   120     TPCR2H  DATA    0xCB

  0088          +1   121     TCON    DATA    0x88

  0089          +1   122     TMOD    DATA    0x89

  008A          +1   123     TL0         DATA        0x8A

A51 MACRO ASSEMBLER  PROJECT1                                                             11/04/2016 21:34:35 PAGE     3

  008C          +1   124     TH0         DATA        0x8C

  008B          +1   125     TL1         DATA        0x8B

  008D          +1   126     TH1         DATA        0x8D

  00CC          +1   127     TL2         DATA        0xCC

  00CD          +1   128     TH2         DATA        0xCD

  008F          +1   129     TAMOD   DATA    0x8F

                +1   130     ;------- Bit Addressable -------

  008F          +1   131     TF1         BIT     0x8F

  008E          +1   132     TR1         BIT     0x8E

  008D          +1   133     TF0         BIT     0x8D

  008C          +1   134     TR0         BIT     0x8C

  008B          +1   135     IE1         BIT     0x8B

  008A          +1   136     IT1         BIT     0x8A

  0089          +1   137     IE0         BIT     0x89

  0088          +1   138     IT0         BIT     0x88

  00CF          +1   139     PLLEN   BIT         0xCF

  00CE          +1   140     HLTRN   BIT         0xCE

  00CD          +1   141     HLTEN   BIT         0xCD

  00CC          +1   142     ALTCD   BIT         0xCC

  00CB          +1   143     ALTAB   BIT         0xCB

  00CA          +1   144     TDIR2   BIT         0xCA

  00C9          +1   145     TMOD21  BIT         0xC9

  00C8          +1   146     TMOD20  BIT         0xC8

  0087          +1   147     T1          BIT     0x87

  0092          +1   148     T0          BIT     0x92

                +1   149     ;******* Capture/Compare Unit **

  00EA          +1   150     CCCRA   DATA    0xEA

  00EB          +1   151     CCCRB   DATA    0xEB

  00EC          +1   152     CCCRC   DATA    0xEC

  00ED          +1   153     CCCRD   DATA    0xED

  00C8          +1   154     TCR20   DATA    0xC8

  00F9          +1   155     TCR21   DATA    0xF9

  00C9          +1   156     TICR2   DATA    0xC9

  00DE          +1   157     TISE2   DATA    0xDE

  00E9          +1   158     TIFR2   DATA    0xE9

  00CE          +1   159     TOR2L   DATA    0xCE

  00CF          +1   160     TOR2H   DATA    0xCF

                +1   161     ;******* Input Capture *********

  00AA          +1   162     ICRAL   DATA    0xAA

  00AB          +1   163     ICRAH   DATA    0xAB

  00AE          +1   164     ICRBL   DATA    0xAE

  00AF          +1   165     ICRBH   DATA    0xAF

                +1   166     ;------- Bit Addressable -------

  00A7          +1   167     ICA         BIT     0xA7

  00A0          +1   168     ICB         BIT     0xA0

                +1   169     ;******* Output Compare ********

  00EE          +1   170     OCRAL   DATA    0xEE

  00EF          +1   171     OCRAH   DATA    0xEF

  00FA          +1   172     OCRBL   DATA    0xFA

  00FB          +1   173     OCRBH   DATA    0xFB

  00FC          +1   174     OCRCL   DATA    0xFC

  00FD          +1   175     OCRCH   DATA    0xFD

  00FE          +1   176     OCRDL   DATA    0xFE

  00FF          +1   177     OCRDH   DATA    0xFF

                +1   178     ;------- Bit Addressable -------

  00A1          +1   179     OCD         BIT     0xA1

  0097          +1   180     OCC         BIT     0x97

  0096          +1   181     OCB         BIT     0x96

  00A6          +1   182     OCA         BIT     0xA6

                +1   183     ;******* Watchdog **************

  00C2          +1   184     WFEED1  DATA    0xC2

  00C3          +1   185     WFEED2  DATA    0xC3

  00C1          +1   186     WDL         DATA        0xC1

  00A7          +1   187     WDCON   DATA    0xA7

                +1   188     ;******* Real Time Clock *******

  00D3          +1   189     RTCL    DATA    0xD3

A51 MACRO ASSEMBLER  PROJECT1                                                             11/04/2016 21:34:35 PAGE     4

  00D2          +1   190     RTCH    DATA    0xD2

  00D1          +1   191     RTCCON  DATA    0xD1

                +1   192     ;******* Interrupts ************

  00A8          +1   193     IEN0    DATA    0xA8

  00E8          +1   194     IEN1    DATA    0xE8

  00B8          +1   195     IP0         DATA        0xB8

  00B7          +1   196     IP0H    DATA    0xB7

  00F8          +1   197     IP1         DATA        0xF8

  00F7          +1   198     IP1H    DATA    0xF7

                +1   199     ;------- Bit Addressable -------

  00AF          +1   200     EA          BIT     0xAF

  00AE          +1   201     EWDRT   BIT         0xAE

  00AD          +1   202     EBO         BIT     0xAD

  00AC          +1   203     ES          BIT     0xAC

  00AC          +1   204     ESR         BIT     0xAC

  00AB          +1   205     ET1         BIT     0xAB

  00AA          +1   206     EX1         BIT     0xAA

  00A9          +1   207     ET0         BIT     0xA9

  00A8          +1   208     EX0         BIT     0xA8

  00EF          +1   209     EIEE    BIT         0xEF

  00EE          +1   210     EST         BIT     0xEE

  00EC          +1   211     ECCU    BIT         0xEC

  00EB          +1   212     ESPI    BIT         0xEB

  00EA          +1   213     EC          BIT     0xEA

  00E9          +1   214     EKBI    BIT         0xE9

  00E8          +1   215     EI2C    BIT         0xE8

  00BE          +1   216     PWDRT   BIT         0xBE

  00BD          +1   217     PB0         BIT     0xBD

  00BC          +1   218     PS          BIT     0xBC

  00BC          +1   219     PSR         BIT     0xBC

  00BB          +1   220     PT1         BIT     0xBB

  00BA          +1   221     PX1         BIT     0xBA

  00B9          +1   222     PT0         BIT     0xB9

  00B8          +1   223     PX0         BIT     0xB8

  00FF          +1   224     PIEE    BIT         0xFF

  00FE          +1   225     PST         BIT     0xFE

  00FC          +1   226     PCCU    BIT         0xFC

  00FB          +1   227     PSPI    BIT         0xFB

  00FA          +1   228     PCL     BIT         0xFA

  00F9          +1   229     PKBI    BIT         0xF9

  00F8          +1   230     PI2C    BIT         0xF8

  0095          +1   231     RST         BIT     0x95

  0094          +1   232     INT1    BIT         0x94

  0093          +1   233     INT0    BIT         0x93

                +1   234     

                +1   235     

                +1   236     

                +1   237     

                +1   238     

                +1   239     

                +1   240     

                +1   241     

                +1   242     

                +1   243     

                +1   244     

                +1   245     

                +1   246     

                +1   247     

                +1   248     

                     249     

                     250             

  0020               251             RANDREG EQU 0X20

                     252                     

----                 253             CSEG AT 0

                     254     

0000 7A00            255             MOV R2, #0

A51 MACRO ASSEMBLER  PROJECT1                                                             11/04/2016 21:34:35 PAGE     5

0002 75B100          256             MOV P3M1, #00H

0005 75B200          257         MOV P3M2, #00H

0008 75A400          258         MOV P2M1, #00H

000B 75A500          259         MOV P2M2, #00H

000E 759100          260         MOV P1M1, #00H

0011 759200          261         MOV P1M2, #00H

0014 758400          262         MOV P0M1, #00H

0017 758500          263         MOV P0M2, #00H

                     264             

001A 11DC            265             ACALL WINNER

                     266             

001C                 267     MAIN:

001C 20A00D          268             JB P2.0, NO_DEC

                     269     

001F                 270     WAIT1:

001F 30A0FD          271             JNB P2.0, WAIT1

0022 1A              272             DEC R2

0023 BAFF16          273             CJNE R2, #0FFH, LED

0026 114C            274             ACALL BEEP 

0028 7A0F            275             MOV R2, #15

002A 8010            276             SJMP LED

                     277     

002C                 278     NO_DEC:

002C 2081ED          279             JB P0.1, MAIN

                     280     

002F                 281     WAIT2:

002F 3081FD          282             JNB P0.1, WAIT2

0032 0A              283             INC R2

0033 BA1006          284             CJNE R2, #16, LED

0036 114C            285             ACALL BEEP

0038 7A00            286             MOV R2, #0

003A 8000            287             SJMP LED

                     288             

003C                 289     LED:

003C EA              290             MOV A, R2

003D F4              291             CPL A

003E 13              292             RRC A

003F 9286            293             MOV P0.6, C

0041 13              294             RRC A

0042 92A7            295             MOV P2.7, C

0044 13              296             RRC A

0045 9285            297             MOV P0.5, C

0047 13              298             RRC A

0048 92A4            299             MOV P2.4, C

004A 80D0            300             SJMP MAIN

                     301             

                     302             

                     303     ; this mostly came from trial and error

                     304     ; and seeing what sounded good for a beep

                     305     ; reference canvas tutorial for this

004C                 306     BEEP: 

004C 7864            307             MOV R0, #100

004E B297            308     S1:     CPL P1.7

0050 1155            309             ACALL SDELAY

0052 D8FA            310             DJNZ R0, S1

                     311             

0054 22              312             RET

                     313             

0055                 314     SDELAY: 

0055 7964            315             MOV R1, #100

0057 7A0A            316     D1: MOV R2, #10

0059 DAFE            317     D2: DJNZ R2, D2

005B D9FA            318             DJNZ R1, D1

005D 22              319             RET

                     320     

                     321     

A51 MACRO ASSEMBLER  PROJECT1                                                             11/04/2016 21:34:35 PAGE     6

                     322     ; note this a port from http://pjrc.com/tech/8051/rand.asm

                     323     ; returns a random value in the A  register from 0 to 9, inclusive.

                     324     ; note needs a seed value (equated at the top)

005E                 325     RNG:

005E E520            326             MOV     A, RANDREG

0060 7003            327             JNZ     RAND8B

0062 F4              328             CPL     A

0063 F520            329             MOV     RANDREG, A

0065 54B8            330     RAND8B: ANL     A, #10111000B

0067 A2D0            331             MOV     C, PSW.0

0069 E520            332             MOV     A, RANDREG

006B 33              333             RLC     A

006C F520            334             MOV     RANDREG, A

006E 75F00A          335             MOV B, #10D

0071 84              336             DIV AB

0072 E5F0            337             MOV A, B

                     338     

0074 22              339             RET

                     340             

0075                 341     LIGHTS:

0075 F4              342             CPL A

0076 B3              343             CPL C

                     344             

0077 33              345             RLC A

0078 92A4            346             MOV P2.4, C

                     347             

007A 33              348             RLC A

007B 9285            349             MOV P0.5, C

                     350             

007D 33              351             RLC A

007E 92A7            352             MOV P2.7, C

                     353             

0080 33              354             RLC A

0081 9286            355             MOV P0.6, C

                     356             

0083 33              357             RLC A

0084 9296            358             MOV P1.6, C

                     359             

0086 33              360             RLC A

0087 9284            361             MOV P0.4, C

                     362             

0089 33              363             RLC A

008A 92A5            364             MOV P2.5, C

                     365             

008C 33              366             RLC A

008D 9287            367             MOV P0.7, C

                     368             

008F 33              369             RLC A

0090 92A6            370             MOV P2.6, C

                     371             

0092 7400            372             MOV A, #00D

0094 75F000          373             MOV B, #00D

0097 11AC            374             ACALL EDELAY

                     375             

0099 22              376             RET

                     377     

009A                 378     DELAY:

009A 758901          379             MOV TMOD, #01D

009D F58A            380             MOV TL0, A

009F 85F08C          381             MOV TH0, B

                     382             

00A2 D28C            383             SETB TR0

                     384             

00A4                 385     DLLOOP:

00A4 308DFD          386             JNB TF0, DLLOOP

                     387             

A51 MACRO ASSEMBLER  PROJECT1                                                             11/04/2016 21:34:35 PAGE     7

00A7 C28C            388             CLR TR0

00A9 C28D            389             CLR TF0

                     390             

00AB 22              391             RET

                     392             

00AC                 393     EDELAY:

                     394             

00AC                 395     EDLOOP:

00AC 119A            396             ACALL DELAY

00AE DFFC            397             DJNZ R7, EDLOOP

00B0 22              398             RET

                     399             

00B1                 400     NEXTLEVEL:

00B1 7E02            401             MOV R6, #2D

00B3                 402     LLOOP:

00B3 74AA            403             MOV A, #10101010B

00B5 D3              404             SETB C

00B6 7F14            405             MOV R7, #20D

00B8 1175            406             ACALL LIGHTS

                     407             

00BA 74AA            408             MOV A, #10101010B

00BC F4              409             CPL A

00BD C3              410             CLR C

00BE 7F14            411             MOV R7, #20D

00C0 1175            412             ACALL LIGHTS

                     413             

00C2 DEEF            414             DJNZ R6, LLOOP

                     415             

00C4 7400            416             MOV A, #0D

00C6 C3              417             CLR C

00C7 1175            418             ACALL LIGHTS

                     419             

00C9 22              420             RET

                     421             

00CA                 422     LOST:

00CA 7E02            423             MOV R6, #2D

                     424     

00CC                 425     LOLOOP:

00CC 74FF            426             MOV A, #0FFH

00CE D3              427             SETB C

00CF 7F14            428             MOV R7, #20D

00D1 1175            429             ACALL LIGHTS

                     430             

00D3 E4              431             CLR A 

00D4 C3              432             CLR C

00D5 7F14            433             MOV R7, #20D

00D7 1175            434             ACALL LIGHTS

                     435     

00D9 DEF1            436             DJNZ R6, LOLOOP

                     437             

00DB 22              438             RET

                     439             

00DC                 440     WINNER:

                     441             

00DC 7E03            442             MOV R6, #3D

                     443             

00DE 7400            444             MOV A, #00000000B

00E0 C3              445         CLR C

00E1 AF06            446             MOV R7, 6

00E3 1175            447             ACALL LIGHTS

                     448             

00E5 7480            449         MOV A, #10000000B

00E7 C3              450         CLR C

00E8 AF06            451             MOV R7, 6

00EA 1175            452             ACALL LIGHTS

                     453             

A51 MACRO ASSEMBLER  PROJECT1                                                             11/04/2016 21:34:35 PAGE     8

00EC 74C0            454         MOV A, #11000000B

00EE C3              455         CLR C

00EF AF06            456             MOV R7, 6

00F1 1175            457             ACALL LIGHTS

                     458             

00F3 74E0            459         MOV A, #11100000B

00F5 C3              460         CLR C

00F6 AF06            461             MOV R7, 6

00F8 1175            462             ACALL LIGHTS

                     463             

00FA 74E4            464         MOV A, #11100100B

00FC C3              465         CLR C

00FD AF06            466             MOV R7, 6

00FF 1175            467             ACALL LIGHTS

                     468             

0101 74E4            469         MOV A, #11100100B

0103 D3              470         SETB C

0104 AF06            471             MOV R7, 6

0106 1175            472             ACALL LIGHTS

                     473             

0108 74E5            474         MOV A, #11100101B

010A D3              475         SETB C

010B AF06            476             MOV R7, 6

010D 1175            477             ACALL LIGHTS

                     478             

010F 74E7            479         MOV A, #11100111B

0111 D3              480         SETB C

0112 AF06            481             MOV R7, 6

0114 1175            482             ACALL LIGHTS

                     483     

0116 74F7            484         MOV A, #11110111B

0118 D3              485         SETB C

0119 AF06            486             MOV R7, 6

011B 1175            487             ACALL LIGHTS

                     488             

011D 74FF            489         MOV A, #11111111B

011F D3              490         SETB C

0120 AF06            491             MOV R7, 6

0122 1175            492             ACALL LIGHTS

                     493             

                     494             

                     495     

0124 7400            496             MOV A, #00000000B

0126 C3              497             CLR C

0127 AF06            498             MOV R7, 6

0129 F4              499             CPL A

012A B3              500             CPL C

012B 1175            501             ACALL LIGHTS

                     502     

012D 7480            503             MOV A, #10000000B

012F C3              504             CLR C

0130 AF06            505             MOV R7, 6

0132 F4              506             CPL A

0133 B3              507             CPL C

0134 1175            508             ACALL LIGHTS

                     509     

0136 74C0            510             MOV A, #11000000B

0138 C3              511             CLR C

0139 AF06            512             MOV R7, 6

013B F4              513             CPL A

013C B3              514             CPL C

013D 1175            515             ACALL LIGHTS

                     516     

013F 74E0            517             MOV A, #11100000B

0141 C3              518             CLR C

0142 AF06            519             MOV R7, 6

A51 MACRO ASSEMBLER  PROJECT1                                                             11/04/2016 21:34:35 PAGE     9

0144 F4              520             CPL A

0145 B3              521             CPL C

0146 1175            522             ACALL LIGHTS

                     523     

0148 74E4            524             MOV A, #11100100B

014A C3              525             CLR C

014B AF06            526             MOV R7, 6

014D F4              527             CPL A

014E B3              528             CPL C

014F 1175            529             ACALL LIGHTS

                     530     

0151 74E4            531             MOV A, #11100100B

0153 D3              532             SETB C

0154 AF06            533             MOV R7, 6

0156 F4              534             CPL A

0157 B3              535             CPL C

0158 1175            536             ACALL LIGHTS

                     537     

015A 74E5            538             MOV A, #11100101B

015C D3              539             SETB C

015D AF06            540             MOV R7, 6

015F F4              541             CPL A

0160 B3              542             CPL C

0161 1175            543             ACALL LIGHTS

                     544     

0163 74E7            545             MOV A, #11100111B

0165 D3              546             SETB C

0166 AF06            547             MOV R7, 6

0168 F4              548             CPL A

0169 B3              549             CPL C

016A 1175            550             ACALL LIGHTS

                     551     

016C 74F7            552             MOV A, #11110111B

016E D3              553             SETB C

016F AF06            554             MOV R7, 6

0171 F4              555             CPL A

0172 B3              556             CPL C

0173 1175            557             ACALL LIGHTS

                     558     

0175 74FF            559             MOV A, #11111111B

0177 D3              560             SETB C

0178 AF06            561             MOV R7, 6

017A F4              562             CPL A

017B B3              563             CPL C

017C 1175            564             ACALL LIGHTS

                     565             

                     566             

017E 7E08            567             MOV R6, #8D

0180 7D05            568             MOV R5, #5D

0182                 569     L1:

0182 74AA            570             MOV A, #10101010B

0184 D3              571             SETB C

0185 AF06            572             MOV R7, 6

0187 1175            573             ACALL LIGHTS

                     574             

0189 745D            575             MOV A, #01011101B

018B C3              576             CLR C

018C AF06            577             MOV R7, 6

018E 1175            578             ACALL LIGHTS

                     579             

0190 DDF0            580             DJNZ R5, L1

                     581             

                     582             

0192 7E08            583             MOV R6, #8D

0194 7D07            584             MOV R5, #7D

0196                 585     L2:

A51 MACRO ASSEMBLER  PROJECT1                                                             11/04/2016 21:34:35 PAGE    10

0196 74F7            586             MOV A, #11110111B

0198 D3              587             SETB C

0199 AF06            588             MOV R7, 6

019B 1175            589             ACALL LIGHTS

                     590             

019D 7408            591             MOV A, #00001000B

019F C3              592             CLR C

01A0 AF06            593             MOV R7, 6

01A2 1175            594             ACALL LIGHTS

01A4 DDF0            595             DJNZ R5, L2

                     596             

                     597             

01A6 74F7            598             MOV A, #11110111B

01A8 D3              599             SETB C

01A9 AF06            600             MOV R7, 6

01AB 1175            601             ACALL LIGHTS

                     602             

                     603             

01AD 7E06            604             MOV R6, #6D

01AF 7D07            605             MOV R5, #7D

                     606             

01B1                 607     L3:

01B1 7488            608             MOV A, #10001000B

01B3 D3              609             SETB C

01B4 AF06            610             MOV R7, 6

01B6 1175            611             ACALL LIGHTS

                     612             

01B8 7449            613             MOV A, #01001001B

01BA C3              614             CLR C

01BB AF06            615             MOV R7, 6

01BD 1175            616             ACALL LIGHTS

                     617             

01BF 742A            618             MOV A, #00101010B

01C1 C3              619             CLR C

01C2 AF06            620             MOV R7, 6

01C4 1175            621             ACALL LIGHTS

                     622             

01C6 741C            623             MOV A, #00011100B

01C8 C3              624             CLR C

01C9 AF06            625             MOV R7, 6

01CB 1175            626             ACALL LIGHTS

                     627             

01CD DDE2            628             DJNZ R5, L3

                     629             

                     630             

01CF 7488            631             MOV A, #10001000B

01D1 D3              632             SETB C

01D2 AF06            633             MOV R7, 6

01D4 1175            634             ACALL LIGHTS

                     635             

                     636                     

01D6 7E06            637             MOV R6, #6D

01D8 7D03            638             MOV R5, #3D

                     639             

01DA                 640     L4:

01DA 7480            641             MOV A, #10000000B

01DC C3              642             CLR C

01DD AF06            643             MOV R7, 6

01DF 1175            644             ACALL LIGHTS

                     645             

                     646             

01E1 74D0            647             MOV A, #11010000B

01E3 C3              648             CLR C

01E4 AF06            649             MOV R7, 6

01E6 1175            650             ACALL LIGHTS

                     651             

A51 MACRO ASSEMBLER  PROJECT1                                                             11/04/2016 21:34:35 PAGE    11

                     652             

01E8 74FA            653             MOV A, #11111010B

01EA C3              654             CLR C

01EB AF06            655             MOV R7, 6

01ED 1175            656             ACALL LIGHTS

                     657             

                     658             

01EF 74FF            659             MOV A, #11111111B

01F1 C3              660             CLR C

01F2 AF06            661             MOV R7, 6

01F4 1175            662             ACALL LIGHTS

                     663             

                     664             

01F6 74FF            665             MOV A, #11111111B

01F8 D3              666             SETB C

01F9 AF06            667             MOV R7, 6

01FB 1175            668             ACALL LIGHTS

                     669             

                     670             ; role reversal 

                     671             

01FD 7480            672             MOV A, #10000000B

01FF C3              673             CLR C

0200 F4              674             CPL A

0201 B3              675             CPL C

0202 AF06            676             MOV R7, 6

0204 1175            677             ACALL LIGHTS

                     678             

                     679             

0206 74D0            680             MOV A, #11010000B

0208 C3              681             CLR C

0209 F4              682             CPL A

020A B3              683             CPL C

020B AF06            684             MOV R7, 6

020D 1175            685             ACALL LIGHTS

                     686             

                     687             

020F 74FA            688             MOV A, #11111010B

0211 C3              689             CLR C

0212 F4              690             CPL A

0213 B3              691             CPL C

0214 AF06            692             MOV R7, 6

0216 1175            693             ACALL LIGHTS

                     694             

                     695             

0218 74FF            696             MOV A, #11111111B

021A C3              697             CLR C

021B F4              698             CPL A

021C B3              699             CPL C

021D AF06            700             MOV R7, 6

021F 1175            701             ACALL LIGHTS

                     702             

                     703             

0221 74FF            704             MOV A, #11111111B

0223 D3              705             SETB C

0224 F4              706             CPL A

0225 B3              707             CPL C

0226 AF06            708             MOV R7, 6

0228 1175            709             ACALL LIGHTS

                     710             

022A DDAE            711             DJNZ R5, L4

                     712             

                     713             

022C 22              714             RET

                     715             END

A51 MACRO ASSEMBLER  PROJECT1                                                             11/04/2016 21:34:35 PAGE    12

SYMBOL TABLE LISTING
------ ----- -------


N A M E             T Y P E  V A L U E   ATTRIBUTES

AA . . . . . . . .  B ADDR   00D8H.2 A   
AC . . . . . . . .  B ADDR   00D0H.6 A   
ACC. . . . . . . .  D ADDR   00E0H   A   
ALTAB. . . . . . .  B ADDR   00C8H.3 A   
ALTCD. . . . . . .  B ADDR   00C8H.4 A   
AUXR1. . . . . . .  D ADDR   00A2H   A   
B. . . . . . . . .  D ADDR   00F0H   A   
BEEP . . . . . . .  C ADDR   004CH   A   
BRGCON . . . . . .  D ADDR   00BDH   A   
BRGR0. . . . . . .  D ADDR   00BEH   A   
BRGR1. . . . . . .  D ADDR   00BFH   A   
CCCRA. . . . . . .  D ADDR   00EAH   A   
CCCRB. . . . . . .  D ADDR   00EBH   A   
CCCRC. . . . . . .  D ADDR   00ECH   A   
CCCRD. . . . . . .  D ADDR   00EDH   A   
CIN1A. . . . . . .  B ADDR   0080H.4 A   
CIN1B. . . . . . .  B ADDR   0080H.3 A   
CIN2A. . . . . . .  B ADDR   0080H.2 A   
CIN2B. . . . . . .  B ADDR   0080H.1 A   
CMP1 . . . . . . .  D ADDR   00ACH   A   
CMP1O. . . . . . .  B ADDR   0080H.6 A   
CMP2 . . . . . . .  D ADDR   00ADH   A   
CMP2O. . . . . . .  B ADDR   0080H.0 A   
CMPREF . . . . . .  B ADDR   0080H.5 A   
CRSEL. . . . . . .  B ADDR   00D8H.0 A   
CY . . . . . . . .  B ADDR   00D0H.7 A   
D1 . . . . . . . .  C ADDR   0057H   A   
D2 . . . . . . . .  C ADDR   0059H   A   
DEEADR . . . . . .  D ADDR   00F3H   A   
DEECON . . . . . .  D ADDR   00F1H   A   
DEEDAT . . . . . .  D ADDR   00F2H   A   
DELAY. . . . . . .  C ADDR   009AH   A   
DIVM . . . . . . .  D ADDR   0095H   A   
DLLOOP . . . . . .  C ADDR   00A4H   A   
DPH. . . . . . . .  D ADDR   0083H   A   
DPL. . . . . . . .  D ADDR   0082H   A   
EA . . . . . . . .  B ADDR   00A8H.7 A   
EBO. . . . . . . .  B ADDR   00A8H.5 A   
EC . . . . . . . .  B ADDR   00E8H.2 A   
ECCU . . . . . . .  B ADDR   00E8H.4 A   
EDELAY . . . . . .  C ADDR   00ACH   A   
EDLOOP . . . . . .  C ADDR   00ACH   A   
EI2C . . . . . . .  B ADDR   00E8H.0 A   
EIEE . . . . . . .  B ADDR   00E8H.7 A   
EKBI . . . . . . .  B ADDR   00E8H.1 A   
ES . . . . . . . .  B ADDR   00A8H.4 A   
ESPI . . . . . . .  B ADDR   00E8H.3 A   
ESR. . . . . . . .  B ADDR   00A8H.4 A   
EST. . . . . . . .  B ADDR   00E8H.6 A   
ET0. . . . . . . .  B ADDR   00A8H.1 A   
ET1. . . . . . . .  B ADDR   00A8H.3 A   
EWDRT. . . . . . .  B ADDR   00A8H.6 A   
EX0. . . . . . . .  B ADDR   00A8H.0 A   
EX1. . . . . . . .  B ADDR   00A8H.2 A   
F0 . . . . . . . .  B ADDR   00D0H.5 A   
F1 . . . . . . . .  B ADDR   00D0H.1 A   
FE . . . . . . . .  B ADDR   0098H.7 A   
HLTEN. . . . . . .  B ADDR   00C8H.5 A   
HLTRN. . . . . . .  B ADDR   00C8H.6 A   
I2ADR. . . . . . .  D ADDR   00DBH   A   
A51 MACRO ASSEMBLER  PROJECT1                                                             11/04/2016 21:34:35 PAGE    13

I2CON. . . . . . .  D ADDR   00D8H   A   
I2DAT. . . . . . .  D ADDR   00DAH   A   
I2EN . . . . . . .  B ADDR   00D8H.6 A   
I2SCLH . . . . . .  D ADDR   00DDH   A   
I2SCLL . . . . . .  D ADDR   00DCH   A   
I2STAT . . . . . .  D ADDR   00D9H   A   
ICA. . . . . . . .  B ADDR   00A0H.7 A   
ICB. . . . . . . .  B ADDR   00A0H.0 A   
ICRAH. . . . . . .  D ADDR   00ABH   A   
ICRAL. . . . . . .  D ADDR   00AAH   A   
ICRBH. . . . . . .  D ADDR   00AFH   A   
ICRBL. . . . . . .  D ADDR   00AEH   A   
IE0. . . . . . . .  B ADDR   0088H.1 A   
IE1. . . . . . . .  B ADDR   0088H.3 A   
IEN0 . . . . . . .  D ADDR   00A8H   A   
IEN1 . . . . . . .  D ADDR   00E8H   A   
INT0 . . . . . . .  B ADDR   0090H.3 A   
INT1 . . . . . . .  B ADDR   0090H.4 A   
IP0. . . . . . . .  D ADDR   00B8H   A   
IP0H . . . . . . .  D ADDR   00B7H   A   
IP1. . . . . . . .  D ADDR   00F8H   A   
IP1H . . . . . . .  D ADDR   00F7H   A   
IT0. . . . . . . .  B ADDR   0088H.0 A   
IT1. . . . . . . .  B ADDR   0088H.2 A   
KB0. . . . . . . .  B ADDR   0080H.0 A   
KB1. . . . . . . .  B ADDR   0080H.1 A   
KB2. . . . . . . .  B ADDR   0080H.2 A   
KB3. . . . . . . .  B ADDR   0080H.3 A   
KB4. . . . . . . .  B ADDR   0080H.4 A   
KB5. . . . . . . .  B ADDR   0080H.5 A   
KB6. . . . . . . .  B ADDR   0080H.6 A   
KB7. . . . . . . .  B ADDR   0080H.7 A   
KBCON. . . . . . .  D ADDR   0094H   A   
KBMASK . . . . . .  D ADDR   0086H   A   
KBPATN . . . . . .  D ADDR   0093H   A   
L1 . . . . . . . .  C ADDR   0182H   A   
L2 . . . . . . . .  C ADDR   0196H   A   
L3 . . . . . . . .  C ADDR   01B1H   A   
L4 . . . . . . . .  C ADDR   01DAH   A   
LED. . . . . . . .  C ADDR   003CH   A   
LIGHTS . . . . . .  C ADDR   0075H   A   
LLOOP. . . . . . .  C ADDR   00B3H   A   
LOLOOP . . . . . .  C ADDR   00CCH   A   
LOST . . . . . . .  C ADDR   00CAH   A   
MAIN . . . . . . .  C ADDR   001CH   A   
MISO . . . . . . .  B ADDR   00A0H.3 A   
MOSI . . . . . . .  B ADDR   00A0H.2 A   
NEXTLEVEL. . . . .  C ADDR   00B1H   A   
NO_DEC . . . . . .  C ADDR   002CH   A   
OCA. . . . . . . .  B ADDR   00A0H.6 A   
OCB. . . . . . . .  B ADDR   0090H.6 A   
OCC. . . . . . . .  B ADDR   0090H.7 A   
OCD. . . . . . . .  B ADDR   00A0H.1 A   
OCRAH. . . . . . .  D ADDR   00EFH   A   
OCRAL. . . . . . .  D ADDR   00EEH   A   
OCRBH. . . . . . .  D ADDR   00FBH   A   
OCRBL. . . . . . .  D ADDR   00FAH   A   
OCRCH. . . . . . .  D ADDR   00FDH   A   
OCRCL. . . . . . .  D ADDR   00FCH   A   
OCRDH. . . . . . .  D ADDR   00FFH   A   
OCRDL. . . . . . .  D ADDR   00FEH   A   
OV . . . . . . . .  B ADDR   00D0H.2 A   
P. . . . . . . . .  B ADDR   00D0H.0 A   
P0 . . . . . . . .  D ADDR   0080H   A   
P0M1 . . . . . . .  D ADDR   0084H   A   
P0M2 . . . . . . .  D ADDR   0085H   A   
A51 MACRO ASSEMBLER  PROJECT1                                                             11/04/2016 21:34:35 PAGE    14

P1 . . . . . . . .  D ADDR   0090H   A   
P1M1 . . . . . . .  D ADDR   0091H   A   
P1M2 . . . . . . .  D ADDR   0092H   A   
P2 . . . . . . . .  D ADDR   00A0H   A   
P2M1 . . . . . . .  D ADDR   00A4H   A   
P2M2 . . . . . . .  D ADDR   00A5H   A   
P3 . . . . . . . .  D ADDR   00B0H   A   
P3M1 . . . . . . .  D ADDR   00B1H   A   
P3M2 . . . . . . .  D ADDR   00B2H   A   
PB0. . . . . . . .  B ADDR   00B8H.5 A   
PCCU . . . . . . .  B ADDR   00F8H.4 A   
PCL. . . . . . . .  B ADDR   00F8H.2 A   
PCON . . . . . . .  D ADDR   0087H   A   
PCONA. . . . . . .  D ADDR   00B5H   A   
PI2C . . . . . . .  B ADDR   00F8H.0 A   
PIEE . . . . . . .  B ADDR   00F8H.7 A   
PKBI . . . . . . .  B ADDR   00F8H.1 A   
PLLEN. . . . . . .  B ADDR   00C8H.7 A   
PS . . . . . . . .  B ADDR   00B8H.4 A   
PSPI . . . . . . .  B ADDR   00F8H.3 A   
PSR. . . . . . . .  B ADDR   00B8H.4 A   
PST. . . . . . . .  B ADDR   00F8H.6 A   
PSW. . . . . . . .  D ADDR   00D0H   A   
PT0. . . . . . . .  B ADDR   00B8H.1 A   
PT0AD. . . . . . .  D ADDR   00F6H   A   
PT1. . . . . . . .  B ADDR   00B8H.3 A   
PWDRT. . . . . . .  B ADDR   00B8H.6 A   
PX0. . . . . . . .  B ADDR   00B8H.0 A   
PX1. . . . . . . .  B ADDR   00B8H.2 A   
RAND8B . . . . . .  C ADDR   0065H   A   
RANDREG. . . . . .  N NUMB   0020H   A   
RB8. . . . . . . .  B ADDR   0098H.2 A   
REN. . . . . . . .  B ADDR   0098H.4 A   
RI . . . . . . . .  B ADDR   0098H.0 A   
RNG. . . . . . . .  C ADDR   005EH   A   
RS0. . . . . . . .  B ADDR   00D0H.3 A   
RS1. . . . . . . .  B ADDR   00D0H.4 A   
RST. . . . . . . .  B ADDR   0090H.5 A   
RSTSRC . . . . . .  D ADDR   00DFH   A   
RTCCON . . . . . .  D ADDR   00D1H   A   
RTCH . . . . . . .  D ADDR   00D2H   A   
RTCL . . . . . . .  D ADDR   00D3H   A   
RXD. . . . . . . .  B ADDR   0090H.1 A   
S1 . . . . . . . .  C ADDR   004EH   A   
SADDR. . . . . . .  D ADDR   00A9H   A   
SADEN. . . . . . .  D ADDR   00B9H   A   
SBUF . . . . . . .  D ADDR   0099H   A   
SCL. . . . . . . .  B ADDR   0090H.2 A   
SCON . . . . . . .  D ADDR   0098H   A   
SDA. . . . . . . .  B ADDR   0090H.3 A   
SDELAY . . . . . .  C ADDR   0055H   A   
SI . . . . . . . .  B ADDR   00D8H.3 A   
SM0. . . . . . . .  B ADDR   0098H.7 A   
SM1. . . . . . . .  B ADDR   0098H.6 A   
SM2. . . . . . . .  B ADDR   0098H.5 A   
SP . . . . . . . .  D ADDR   0081H   A   
SPCTL. . . . . . .  D ADDR   00E2H   A   
SPDAT. . . . . . .  D ADDR   00E3H   A   
SPICLK . . . . . .  B ADDR   00A0H.5 A   
SPSTAT . . . . . .  D ADDR   00E1H   A   
SS . . . . . . . .  B ADDR   00A0H.4 A   
SSTAT. . . . . . .  D ADDR   00BAH   A   
STA. . . . . . . .  B ADDR   00D8H.5 A   
STO. . . . . . . .  B ADDR   00D8H.4 A   
T0 . . . . . . . .  B ADDR   0090H.2 A   
T1 . . . . . . . .  B ADDR   0080H.7 A   
A51 MACRO ASSEMBLER  PROJECT1                                                             11/04/2016 21:34:35 PAGE    15

TAMOD. . . . . . .  D ADDR   008FH   A   
TB8. . . . . . . .  B ADDR   0098H.3 A   
TCON . . . . . . .  D ADDR   0088H   A   
TCR20. . . . . . .  D ADDR   00C8H   A   
TCR21. . . . . . .  D ADDR   00F9H   A   
TDIR2. . . . . . .  B ADDR   00C8H.2 A   
TF0. . . . . . . .  B ADDR   0088H.5 A   
TF1. . . . . . . .  B ADDR   0088H.7 A   
TH0. . . . . . . .  D ADDR   008CH   A   
TH1. . . . . . . .  D ADDR   008DH   A   
TH2. . . . . . . .  D ADDR   00CDH   A   
TI . . . . . . . .  B ADDR   0098H.1 A   
TICR2. . . . . . .  D ADDR   00C9H   A   
TIFR2. . . . . . .  D ADDR   00E9H   A   
TISE2. . . . . . .  D ADDR   00DEH   A   
TL0. . . . . . . .  D ADDR   008AH   A   
TL1. . . . . . . .  D ADDR   008BH   A   
TL2. . . . . . . .  D ADDR   00CCH   A   
TMOD . . . . . . .  D ADDR   0089H   A   
TMOD20 . . . . . .  B ADDR   00C8H.0 A   
TMOD21 . . . . . .  B ADDR   00C8H.1 A   
TOR2H. . . . . . .  D ADDR   00CFH   A   
TOR2L. . . . . . .  D ADDR   00CEH   A   
TPCR2H . . . . . .  D ADDR   00CBH   A   
TPCR2L . . . . . .  D ADDR   00CAH   A   
TR0. . . . . . . .  B ADDR   0088H.4 A   
TR1. . . . . . . .  B ADDR   0088H.6 A   
TRIM . . . . . . .  D ADDR   0096H   A   
TXD. . . . . . . .  B ADDR   0090H.0 A   
WAIT1. . . . . . .  C ADDR   001FH   A   
WAIT2. . . . . . .  C ADDR   002FH   A   
WDCON. . . . . . .  D ADDR   00A7H   A   
WDL. . . . . . . .  D ADDR   00C1H   A   
WFEED1 . . . . . .  D ADDR   00C2H   A   
WFEED2 . . . . . .  D ADDR   00C3H   A   
WINNER . . . . . .  C ADDR   00DCH   A   
XTAL1. . . . . . .  B ADDR   00B0H.1 A   
XTAL2. . . . . . .  B ADDR   00B0H.0 A   


REGISTER BANK(S) USED: 0 


ASSEMBLY COMPLETE.  0 WARNING(S), 0 ERROR(S)
